0 info it worked if it ends with ok
1 verbose cli [ 'C:\\Program Files\\nodejs\\node.exe',
1 verbose cli   'C:\\Program Files\\nodejs\\node_modules\\npm\\bin\\npm-cli.js',
1 verbose cli   'run',
1 verbose cli   'api' ]
2 info using npm@3.9.3
3 info using node@v6.2.1
4 verbose run-script [ 'preapi', 'api', 'postapi' ]
5 info lifecycle glon-starter-kit@1.0.0~preapi: glon-starter-kit@1.0.0
6 silly lifecycle glon-starter-kit@1.0.0~preapi: no script for preapi, continuing
7 info lifecycle glon-starter-kit@1.0.0~api: glon-starter-kit@1.0.0
8 verbose lifecycle glon-starter-kit@1.0.0~api: unsafe-perm in lifecycle true
9 verbose lifecycle glon-starter-kit@1.0.0~api: PATH: C:\Program Files\nodejs\node_modules\npm\bin\node-gyp-bin;c:\namkhaeng\59-DFT-RICEDB-II\frontend\node_modules\.bin;C:\Program Files\nodejs;C:\Program Files (x86)\NVIDIA Corporation\PhysX\Common;C:\ProgramData\Oracle\Java\javapath;C:\WINDOWS\system32;C:\WINDOWS;C:\WINDOWS\System32\Wbem;C:\WINDOWS\System32\WindowsPowerShell\v1.0\;C:\Program Files\nodejs\;C:\Python27;C:\Python27\Scripts;C:\Program Files (x86)\Google\Chrome;C:\Program Files\Git\cmd;C:\Program Files (x86)\Google\Chrome\Application;C:\Users\Cyber 1\AppData\Roaming\npm;C:\Users\Cyber 1\AppData\Local\atom\bin;C:\Program Files (x86)\Microsoft VS Code\bin;C:\Users\Cyber 1\AppData\Local\Microsoft\WindowsApps;
10 verbose lifecycle glon-starter-kit@1.0.0~api: CWD: c:\namkhaeng\59-DFT-RICEDB-II\frontend
11 silly lifecycle glon-starter-kit@1.0.0~api: Args: [ '/d /s /c', 'nodemon ../backend/index.js --debug' ]
12 silly lifecycle glon-starter-kit@1.0.0~api: Returned: code: 1  signal: null
13 info lifecycle glon-starter-kit@1.0.0~api: Failed to exec api script
14 verbose stack Error: glon-starter-kit@1.0.0 api: `nodemon ../backend/index.js --debug`
14 verbose stack Exit status 1
14 verbose stack     at EventEmitter.<anonymous> (C:\Program Files\nodejs\node_modules\npm\lib\utils\lifecycle.js:245:16)
14 verbose stack     at emitTwo (events.js:106:13)
14 verbose stack     at EventEmitter.emit (events.js:191:7)
14 verbose stack     at ChildProcess.<anonymous> (C:\Program Files\nodejs\node_modules\npm\lib\utils\spawn.js:24:14)
14 verbose stack     at emitTwo (events.js:106:13)
14 verbose stack     at ChildProcess.emit (events.js:191:7)
14 verbose stack     at maybeClose (internal/child_process.js:852:16)
14 verbose stack     at Process.ChildProcess._handle.onexit (internal/child_process.js:215:5)
15 verbose pkgid glon-starter-kit@1.0.0
16 verbose cwd c:\namkhaeng\59-DFT-RICEDB-II\frontend
17 error Windows_NT 10.0.14393
18 error argv "C:\\Program Files\\nodejs\\node.exe" "C:\\Program Files\\nodejs\\node_modules\\npm\\bin\\npm-cli.js" "run" "api"
19 error node v6.2.1
20 error npm  v3.9.3
21 error code ELIFECYCLE
22 error glon-starter-kit@1.0.0 api: `nodemon ../backend/index.js --debug`
22 error Exit status 1
23 error Failed at the glon-starter-kit@1.0.0 api script 'nodemon ../backend/index.js --debug'.
23 error Make sure you have the latest version of node.js and npm installed.
23 error If you do, this is most likely a problem with the glon-starter-kit package,
23 error not with npm itself.
23 error Tell the author that this fails on your system:
23 error     nodemon ../backend/index.js --debug
23 error You can get information on how to open an issue for this project with:
23 error     npm bugs glon-starter-kit
23 error Or if that isn't available, you can get their info via:
23 error     npm owner ls glon-starter-kit
23 error There is likely additional logging output above.
24 verbose exit [ 1, true ]
