0 info it worked if it ends with ok
1 verbose cli [ 'C:\\Program Files\\nodejs\\node.exe',
<<<<<<< HEAD
1 verbose cli   'C:\\Program Files\\nodejs\\node_modules\\npm\\bin\\npm-cli.js',
1 verbose cli   'start' ]
2 info using npm@3.10.8
3 info using node@v7.0.0
=======
1 verbose cli   'C:\\Users\\Cyber 1\\AppData\\Roaming\\npm\\node_modules\\npm\\bin\\npm-cli.js',
1 verbose cli   'start' ]
2 info using npm@3.10.9
3 info using node@v6.9.1
>>>>>>> fd7dd8118b252befb8a3a4c52baca4bf982d2c17
4 verbose run-script [ 'prestart', 'start', 'poststart' ]
5 info lifecycle 59-rice@1.0.0~prestart: 59-rice@1.0.0
6 silly lifecycle 59-rice@1.0.0~prestart: no script for prestart, continuing
7 info lifecycle 59-rice@1.0.0~start: 59-rice@1.0.0
8 verbose lifecycle 59-rice@1.0.0~start: unsafe-perm in lifecycle true
<<<<<<< HEAD
9 verbose lifecycle 59-rice@1.0.0~start: PATH: C:\Program Files\nodejs\node_modules\npm\bin\node-gyp-bin;D:\GITHUB\59-DFT-RICEDB-II\node_modules\.bin;C:\Program Files (x86)\Intel\iCLS Client\;C:\Program Files\Intel\iCLS Client\;C:\Windows\system32;C:\Windows;C:\Windows\System32\Wbem;C:\Windows\System32\WindowsPowerShell\v1.0\;C:\Program Files (x86)\Intel\Intel(R) Management Engine Components\DAL;C:\Program Files\Intel\Intel(R) Management Engine Components\DAL;C:\Program Files (x86)\Intel\Intel(R) Management Engine Components\IPT;C:\Program Files\Intel\Intel(R) Management Engine Components\IPT;C:\Program Files (x86)\NVIDIA Corporation\PhysX\Common;C:\WINDOWS\system32;C:\WINDOWS;C:\WINDOWS\System32\Wbem;C:\WINDOWS\System32\WindowsPowerShell\v1.0\;C:\Program Files\Git\cmd;C:\Program Files\nodejs\;C:\ProgramData\chocolatey\bin;C:\Program Files\Java\jdk1.8.0_112\bin;C:\Python27;C:\Program Files (x86)\Windows Kits\8.1\Windows Performance Toolkit\;C:\Program Files (x86)\Skype\Phone\;C:\AppServ\Apache2.2\bin;C:\AppServ\php5;C:\AppServ\MySQL\bin;C:\Users\ASUS\AppData\Local\Microsoft\WindowsApps;C:\Program Files (x86)\Microsoft VS Code\bin;C:\Users\ASUS\AppData\Roaming\npm;C:\Users\ASUS\AppData\Local\atom\bin
10 verbose lifecycle 59-rice@1.0.0~start: CWD: D:\GITHUB\59-DFT-RICEDB-II
=======
9 verbose lifecycle 59-rice@1.0.0~start: PATH: C:\Users\Cyber 1\AppData\Roaming\npm\node_modules\npm\bin\node-gyp-bin;C:\namkhaeng\59-DFT-RICEDB-II\node_modules\.bin;C:\Program Files (x86)\NVIDIA Corporation\PhysX\Common;C:\WINDOWS\system32;C:\WINDOWS;C:\WINDOWS\System32\Wbem;C:\WINDOWS\System32\WindowsPowerShell\v1.0\;C:\Python27;C:\Python27\Scripts;C:\Program Files (x86)\Google\Chrome;C:\Program Files\Git\cmd;C:\Program Files\Java\jdk1.8.0_111\bin;C:\Program Files (x86)\Windows Kits\8.1\Windows Performance Toolkit\;C:\Program Files\nodejs\;C:\ProgramData\chocolatey\bin;C:\Users\Cyber 1\AppData\Local\atom\bin;C:\Program Files (x86)\Microsoft VS Code\bin;C:\Users\Cyber 1\AppData\Local\Microsoft\WindowsApps;C:\Users\Cyber 1\AppData\Roaming\npm;C:\Program Files\Docker Toolbox
10 verbose lifecycle 59-rice@1.0.0~start: CWD: C:\namkhaeng\59-DFT-RICEDB-II
>>>>>>> fd7dd8118b252befb8a3a4c52baca4bf982d2c17
11 silly lifecycle 59-rice@1.0.0~start: Args: [ '/d /s /c', 'nylon-cli serve' ]
12 silly lifecycle 59-rice@1.0.0~start: Returned: code: 3221225786  signal: null
13 info lifecycle 59-rice@1.0.0~start: Failed to exec start script
14 verbose stack Error: 59-rice@1.0.0 start: `nylon-cli serve`
14 verbose stack Exit status 3221225786
<<<<<<< HEAD
14 verbose stack     at EventEmitter.<anonymous> (C:\Program Files\nodejs\node_modules\npm\lib\utils\lifecycle.js:255:16)
14 verbose stack     at emitTwo (events.js:106:13)
14 verbose stack     at EventEmitter.emit (events.js:191:7)
14 verbose stack     at ChildProcess.<anonymous> (C:\Program Files\nodejs\node_modules\npm\lib\utils\spawn.js:40:14)
=======
14 verbose stack     at EventEmitter.<anonymous> (C:\Users\Cyber 1\AppData\Roaming\npm\node_modules\npm\lib\utils\lifecycle.js:255:16)
14 verbose stack     at emitTwo (events.js:106:13)
14 verbose stack     at EventEmitter.emit (events.js:191:7)
14 verbose stack     at ChildProcess.<anonymous> (C:\Users\Cyber 1\AppData\Roaming\npm\node_modules\npm\lib\utils\spawn.js:40:14)
>>>>>>> fd7dd8118b252befb8a3a4c52baca4bf982d2c17
14 verbose stack     at emitTwo (events.js:106:13)
14 verbose stack     at ChildProcess.emit (events.js:191:7)
14 verbose stack     at maybeClose (internal/child_process.js:877:16)
14 verbose stack     at Process.ChildProcess._handle.onexit (internal/child_process.js:226:5)
15 verbose pkgid 59-rice@1.0.0
<<<<<<< HEAD
16 verbose cwd D:\GITHUB\59-DFT-RICEDB-II
17 error Windows_NT 10.0.14393
18 error argv "C:\\Program Files\\nodejs\\node.exe" "C:\\Program Files\\nodejs\\node_modules\\npm\\bin\\npm-cli.js" "start"
19 error node v7.0.0
20 error npm  v3.10.8
=======
16 verbose cwd C:\namkhaeng\59-DFT-RICEDB-II
17 error Windows_NT 10.0.14393
18 error argv "C:\\Program Files\\nodejs\\node.exe" "C:\\Users\\Cyber 1\\AppData\\Roaming\\npm\\node_modules\\npm\\bin\\npm-cli.js" "start"
19 error node v6.9.1
20 error npm  v3.10.9
>>>>>>> fd7dd8118b252befb8a3a4c52baca4bf982d2c17
21 error code ELIFECYCLE
22 error 59-rice@1.0.0 start: `nylon-cli serve`
22 error Exit status 3221225786
23 error Failed at the 59-rice@1.0.0 start script 'nylon-cli serve'.
23 error Make sure you have the latest version of node.js and npm installed.
23 error If you do, this is most likely a problem with the 59-rice package,
23 error not with npm itself.
23 error Tell the author that this fails on your system:
23 error     nylon-cli serve
23 error You can get information on how to open an issue for this project with:
23 error     npm bugs 59-rice
23 error Or if that isn't available, you can get their info via:
23 error     npm owner ls 59-rice
23 error There is likely additional logging output above.
24 verbose exit [ 1, true ]
