0 info it worked if it ends with ok
1 verbose cli [ '/usr/local/bin/node', '/usr/local/bin/npm', 'start' ]
2 info using npm@3.3.12
3 info using node@v5.3.0
4 verbose run-script [ 'prestart', 'start', 'poststart' ]
5 info lifecycle backend@1.0.0~prestart: backend@1.0.0
6 silly lifecycle backend@1.0.0~prestart: no script for prestart, continuing
7 info lifecycle backend@1.0.0~start: backend@1.0.0
8 verbose lifecycle backend@1.0.0~start: unsafe-perm in lifecycle true
9 verbose lifecycle backend@1.0.0~start: PATH: /usr/local/lib/node_modules/npm/bin/node-gyp-bin:/Users/kevint70/Documents/namkhaeng/59-DFT-RICEDB-II/backend/node_modules/.bin:/Library/Frameworks/Python.framework/Versions/3.5/bin:/usr/local/bin:/usr/bin:/bin:/usr/sbin:/sbin:/opt/X11/bin:/usr/local/git/bin:/usr/local/go/bin:/Users/kevint70/Library/Android/sdk/platform-tools:/Users/kevint70/Library/Android/sdk/tools
10 verbose lifecycle backend@1.0.0~start: CWD: /Users/kevint70/Documents/namkhaeng/59-DFT-RICEDB-II/backend
11 silly lifecycle backend@1.0.0~start: Args: [ '-c', 'index.js' ]
12 info lifecycle backend@1.0.0~start: Failed to exec start script
13 verbose stack Error: backend@1.0.0 start: `index.js`
13 verbose stack spawn ENOENT
13 verbose stack     at ChildProcess.<anonymous> (/usr/local/lib/node_modules/npm/lib/utils/spawn.js:17:16)
13 verbose stack     at emitTwo (events.js:87:13)
13 verbose stack     at ChildProcess.emit (events.js:172:7)
13 verbose stack     at maybeClose (internal/child_process.js:818:16)
13 verbose stack     at Process.ChildProcess._handle.onexit (internal/child_process.js:211:5)
14 verbose pkgid backend@1.0.0
15 verbose cwd /Users/kevint70/Documents/namkhaeng/59-DFT-RICEDB-II/backend
16 error Darwin 15.6.0
17 error argv "/usr/local/bin/node" "/usr/local/bin/npm" "start"
18 error node v5.3.0
19 error npm  v3.3.12
20 error file sh
21 error code ELIFECYCLE
22 error errno ENOENT
23 error syscall spawn
24 error backend@1.0.0 start: `index.js`
24 error spawn ENOENT
25 error Failed at the backend@1.0.0 start script 'index.js'.
25 error Make sure you have the latest version of node.js and npm installed.
25 error If you do, this is most likely a problem with the backend package,
25 error not with npm itself.
25 error Tell the author that this fails on your system:
25 error     index.js
25 error You can get their info via:
25 error     npm owner ls backend
25 error There is likely additional logging output above.
26 verbose exit [ 1, true ]
