{"level":"info","message":"nylon Server run at env : development","timestamp":"2016-12-23T03:41:30.091Z"}
{"level":"info","message":"Nylon server listening on port 3000 pid 8544","timestamp":"2016-12-23T03:41:30.186Z"}
{"level":"info","message":"Load Java .jar :: jettison-1.3.jar","timestamp":"2016-12-23T03:41:30.192Z"}
{"level":"info","message":"Load Java .jar :: com.lowagie.text-2.1.7.jar","timestamp":"2016-12-23T03:41:30.222Z"}
{"level":"info","message":"Load Java .jar :: iText-2.1.7.js2.jar","timestamp":"2016-12-23T03:41:30.223Z"}
{"level":"info","message":"Load Java .jar :: groovy-all-2.0.1.jar","timestamp":"2016-12-23T03:41:30.224Z"}
{"level":"info","message":"Load Java .jar :: jasperreports-6.3.1.jar","timestamp":"2016-12-23T03:41:30.225Z"}
{"level":"info","message":"Load Java .jar :: jasperreports-fonts-6.3.1.jar","timestamp":"2016-12-23T03:41:30.225Z"}
{"level":"info","message":"Load Java .jar :: comm-2.0.jar","timestamp":"2016-12-23T03:41:30.225Z"}
{"level":"info","message":"Load Java .jar :: commons-beanutils-1.8.0.jar","timestamp":"2016-12-23T03:41:30.226Z"}
{"level":"info","message":"Load Java .jar :: commons-collections-3.2.1.jar","timestamp":"2016-12-23T03:41:30.226Z"}
{"level":"info","message":"Load Java .jar :: commons-configuration-1.6.jar","timestamp":"2016-12-23T03:41:30.227Z"}
{"level":"info","message":"Load Java .jar :: commons-digester-2.1.jar","timestamp":"2016-12-23T03:41:30.228Z"}
{"level":"info","message":"Load Java .jar :: commons-lang-2.5.jar","timestamp":"2016-12-23T03:41:30.228Z"}
{"level":"info","message":"Load Java .jar :: commons-javaflow-20060411.jar","timestamp":"2016-12-23T03:41:30.228Z"}
{"level":"info","message":"Load Java .jar :: commons-logging-1.1.1.jar","timestamp":"2016-12-23T03:41:30.228Z"}
{"level":"info","message":"Load Java .jar :: log4j-1.2.16.jar","timestamp":"2016-12-23T03:41:30.228Z"}
{"level":"info","message":"Load Java .jar :: poi-3.10.1-20140818.jar","timestamp":"2016-12-23T03:41:30.228Z"}
{"level":"info","message":"Load Java .jar :: nylon-report.jar","timestamp":"2016-12-23T03:41:30.229Z"}
{"level":"info","message":"Load Java .jar :: nylon-utility.jar","timestamp":"2016-12-23T03:41:30.229Z"}
{"level":"info","message":"client req /fee","timestamp":"2016-12-23T03:42:28.348Z"}
{"level":"info","message":"client req /fee","timestamp":"2016-12-23T03:42:29.437Z"}
{"level":"info","message":"client req /","timestamp":"2016-12-23T03:42:31.019Z"}
{"level":"info","message":"client req /bower_components/axios/dist/axios.min.js","timestamp":"2016-12-23T03:42:31.120Z"}
{"level":"info","message":"client req /","timestamp":"2016-12-23T03:42:31.140Z"}
{"level":"info","message":"client req /bower_components/axios/dist/axios.min.js","timestamp":"2016-12-23T03:42:31.182Z"}
{"level":"info","message":"client req /src/nylon-app.html","timestamp":"2016-12-23T03:42:31.184Z"}
{"level":"info","message":"client req /bower_components/polymer/polymer.html","timestamp":"2016-12-23T03:42:31.249Z"}
{"level":"info","message":"client req /bower_components/app-route/app-location.html","timestamp":"2016-12-23T03:42:31.252Z"}
{"level":"info","message":"client req /bower_components/app-route/app-route.html","timestamp":"2016-12-23T03:42:31.256Z"}
{"level":"info","message":"client req /bower_components/rxjs/dist/rx.lite.js","timestamp":"2016-12-23T03:42:31.257Z"}
{"level":"info","message":"client req /bower_components/app-localize-behavior/app-localize-behavior.html","timestamp":"2016-12-23T03:42:31.267Z"}
{"level":"info","message":"client req /bower_components/polymer/polymer-mini.html","timestamp":"2016-12-23T03:42:31.318Z"}
{"level":"info","message":"client req /bower_components/iron-location/iron-location.html","timestamp":"2016-12-23T03:42:31.328Z"}
{"level":"info","message":"client req /bower_components/iron-location/iron-query-params.html","timestamp":"2016-12-23T03:42:31.333Z"}
{"level":"info","message":"client req /bower_components/app-route/app-route-converter-behavior.html","timestamp":"2016-12-23T03:42:31.334Z"}
{"level":"info","message":"client req /bower_components/iron-ajax/iron-ajax.html","timestamp":"2016-12-23T03:42:31.346Z"}
{"level":"info","message":"client req /bower_components/intl-messageformat/dist/intl-messageformat.min.js","timestamp":"2016-12-23T03:42:31.347Z"}
{"level":"info","message":"client req /bower_components/polymer/polymer-micro.html","timestamp":"2016-12-23T03:42:31.377Z"}
{"level":"info","message":"client req /bower_components/iron-ajax/iron-request.html","timestamp":"2016-12-23T03:42:31.398Z"}
{"level":"info","message":"client req /bower_components/promise-polyfill/promise-polyfill-lite.html","timestamp":"2016-12-23T03:42:31.452Z"}
{"level":"info","message":"client req /bower_components/promise-polyfill/Promise.js","timestamp":"2016-12-23T03:42:31.492Z"}
{"level":"info","message":"client req /src/nylon-behavior.html","timestamp":"2016-12-23T03:42:31.556Z"}
{"level":"info","message":"client req /src/nylon-init.html","timestamp":"2016-12-23T03:42:31.559Z"}
{"level":"info","message":"client req /bower_components/paper-drawer-panel/paper-drawer-panel.html","timestamp":"2016-12-23T03:42:31.606Z"}
{"level":"info","message":"client req /bower_components/paper-header-panel/paper-header-panel.html","timestamp":"2016-12-23T03:42:31.614Z"}
{"level":"info","message":"client req /bower_components/paper-toast/paper-toast.html","timestamp":"2016-12-23T03:42:31.615Z"}
{"level":"info","message":"client req /bower_components/gl-font/gl-rsu-font.html","timestamp":"2016-12-23T03:42:31.616Z"}
{"level":"info","message":"client req /bower_components/paper-toolbar/paper-toolbar.html","timestamp":"2016-12-23T03:42:31.617Z"}
{"level":"info","message":"client req /bower_components/gl-styles/gl-color.html","timestamp":"2016-12-23T03:42:31.622Z"}
{"level":"info","message":"client req /bower_components/gl-styles/gl-size.html","timestamp":"2016-12-23T03:42:31.646Z"}
{"level":"info","message":"client req /bower_components/gl-styles/gl-toast.html","timestamp":"2016-12-23T03:42:31.679Z"}
{"level":"info","message":"client req /src/nylon-auth.html","timestamp":"2016-12-23T03:42:31.681Z"}
{"level":"info","message":"client req /bower_components/paper-spinner/paper-spinner.html","timestamp":"2016-12-23T03:42:31.682Z"}
{"level":"info","message":"client req /src/layout/layout-main.html","timestamp":"2016-12-23T03:42:31.682Z"}
{"level":"info","message":"client req /bower_components/iron-media-query/iron-media-query.html","timestamp":"2016-12-23T03:42:31.682Z"}
{"level":"info","message":"client req /bower_components/iron-selector/iron-selector.html","timestamp":"2016-12-23T03:42:31.697Z"}
{"level":"info","message":"client req /bower_components/iron-flex-layout/iron-flex-layout.html","timestamp":"2016-12-23T03:42:31.732Z"}
{"level":"info","message":"client req /bower_components/paper-styles/default-theme.html","timestamp":"2016-12-23T03:42:31.732Z"}
{"level":"info","message":"client req /bower_components/iron-resizable-behavior/iron-resizable-behavior.html","timestamp":"2016-12-23T03:42:31.733Z"}
{"level":"info","message":"client req /bower_components/iron-a11y-announcer/iron-a11y-announcer.html","timestamp":"2016-12-23T03:42:31.735Z"}
{"level":"info","message":"client req /bower_components/iron-overlay-behavior/iron-overlay-behavior.html","timestamp":"2016-12-23T03:42:31.737Z"}
{"level":"info","message":"client req /bower_components/paper-styles/typography.html","timestamp":"2016-12-23T03:42:31.764Z"}
{"level":"info","message":"client req /bower_components/paper-styles/color.html","timestamp":"2016-12-23T03:42:31.777Z"}
{"level":"info","message":"client req /bower_components/paper-spinner/paper-spinner-behavior.html","timestamp":"2016-12-23T03:42:31.779Z"}
{"level":"info","message":"client req /bower_components/paper-spinner/paper-spinner-styles.html","timestamp":"2016-12-23T03:42:31.796Z"}
{"level":"info","message":"client req /bower_components/app-layout/app-header-layout/app-header-layout.html","timestamp":"2016-12-23T03:42:31.802Z"}
{"level":"info","message":"client req /bower_components/app-layout/app-toolbar/app-toolbar.html","timestamp":"2016-12-23T03:42:31.816Z"}
{"level":"info","message":"client req /bower_components/app-layout/app-drawer-layout/app-drawer-layout.html","timestamp":"2016-12-23T03:42:31.818Z"}
{"level":"info","message":"client req /bower_components/iron-icons/iron-icons.html","timestamp":"2016-12-23T03:42:31.831Z"}
{"level":"info","message":"client req /bower_components/app-layout/app-drawer/app-drawer.html","timestamp":"2016-12-23T03:42:31.833Z"}
{"level":"info","message":"client req /bower_components/paper-icon-button/paper-icon-button.html","timestamp":"2016-12-23T03:42:31.860Z"}
{"level":"info","message":"client req /bower_components/paper-item/paper-icon-item.html","timestamp":"2016-12-23T03:42:31.863Z"}
{"level":"info","message":"client req /src/layout/layout-main-toolbar.html","timestamp":"2016-12-23T03:42:31.864Z"}
{"level":"info","message":"client req /src/layout/layout-main-drawer.html","timestamp":"2016-12-23T03:42:31.865Z"}
{"level":"info","message":"client req /src/layout/nylon-toast.html","timestamp":"2016-12-23T03:42:31.881Z"}
{"level":"info","message":"client req /bower_components/iron-selector/iron-multi-selectable.html","timestamp":"2016-12-23T03:42:31.881Z"}
{"level":"info","message":"client req /bower_components/iron-fit-behavior/iron-fit-behavior.html","timestamp":"2016-12-23T03:42:31.901Z"}
{"level":"info","message":"client req /bower_components/font-roboto/roboto.html","timestamp":"2016-12-23T03:42:31.916Z"}
{"level":"info","message":"client req /bower_components/iron-overlay-behavior/iron-overlay-manager.html","timestamp":"2016-12-23T03:42:31.916Z"}
{"level":"info","message":"client req /bower_components/iron-overlay-behavior/iron-focusables-helper.html","timestamp":"2016-12-23T03:42:31.922Z"}
{"level":"info","message":"client req /bower_components/iron-iconset-svg/iron-iconset-svg.html","timestamp":"2016-12-23T03:42:31.932Z"}
{"level":"info","message":"client req /bower_components/iron-icon/iron-icon.html","timestamp":"2016-12-23T03:42:31.934Z"}
{"level":"info","message":"client req /bower_components/paper-behaviors/paper-inky-focus-behavior.html","timestamp":"2016-12-23T03:42:31.946Z"}
{"level":"info","message":"client req /bower_components/paper-item/paper-item-behavior.html","timestamp":"2016-12-23T03:42:31.964Z"}
{"level":"info","message":"client req /bower_components/iron-image/iron-image.html","timestamp":"2016-12-23T03:42:31.967Z"}
{"level":"info","message":"client req /bower_components/paper-item/paper-item-shared-styles.html","timestamp":"2016-12-23T03:42:31.968Z"}
{"level":"info","message":"client req /bower_components/paper-button/paper-button.html","timestamp":"2016-12-23T03:42:31.979Z"}
{"level":"info","message":"client req /bower_components/iron-selector/iron-selectable.html","timestamp":"2016-12-23T03:42:31.979Z"}
{"level":"info","message":"client req /bower_components/iron-a11y-keys-behavior/iron-a11y-keys-behavior.html","timestamp":"2016-12-23T03:42:31.991Z"}
{"level":"info","message":"client req /bower_components/iron-overlay-behavior/iron-overlay-backdrop.html","timestamp":"2016-12-23T03:42:32.012Z"}
{"level":"info","message":"client req /bower_components/iron-meta/iron-meta.html","timestamp":"2016-12-23T03:42:32.015Z"}
{"level":"info","message":"client req /bower_components/iron-behaviors/iron-button-state.html","timestamp":"2016-12-23T03:42:32.017Z"}
{"level":"info","message":"client req /bower_components/paper-behaviors/paper-ripple-behavior.html","timestamp":"2016-12-23T03:42:32.026Z"}
{"level":"info","message":"client req /bower_components/iron-behaviors/iron-control-state.html","timestamp":"2016-12-23T03:42:32.028Z"}
{"level":"info","message":"client req /bower_components/paper-behaviors/paper-button-behavior.html","timestamp":"2016-12-23T03:42:32.030Z"}
{"level":"info","message":"client req /bower_components/paper-material/paper-material-shared-styles.html","timestamp":"2016-12-23T03:42:32.047Z"}
{"level":"info","message":"client req /bower_components/iron-selector/iron-selection.html","timestamp":"2016-12-23T03:42:32.057Z"}
{"level":"info","message":"client req /bower_components/paper-ripple/paper-ripple.html","timestamp":"2016-12-23T03:42:32.067Z"}
{"level":"info","message":"client req /bower_components/paper-styles/shadow.html","timestamp":"2016-12-23T03:42:32.111Z"}
{"level":"info","message":"client req /images/manifest/icon-32.png","timestamp":"2016-12-23T03:42:32.299Z"}
{"level":"info","message":"client req /src/localize/i18n-page1.json","timestamp":"2016-12-23T03:42:32.319Z"}
{"level":"info","message":"client req /bower_components/gl-font/fonts/rsu/rsu_regular-webfont.woff2","timestamp":"2016-12-23T03:42:32.327Z"}
{"level":"info","message":"client req /bower_components/gl-font/fonts/rsu/rsu_bold-webfont.woff2","timestamp":"2016-12-23T03:42:32.328Z"}
{"level":"info","message":"client req /src/import.html","timestamp":"2016-12-23T03:42:32.366Z"}
{"level":"info","message":"client req /src/pages/page-quota/page-quota.html","timestamp":"2016-12-23T03:42:32.367Z"}
{"level":"info","message":"client req /bower_components/iron-pages/iron-pages.html","timestamp":"2016-12-23T03:42:32.415Z"}
{"level":"info","message":"client req /bower_components/gl-styles/gl-table.html","timestamp":"2016-12-23T03:42:32.419Z"}
{"level":"info","message":"client req /bower_components/paper-menu/paper-menu.html","timestamp":"2016-12-23T03:42:32.428Z"}
{"level":"info","message":"client req /bower_components/paper-item/paper-item.html","timestamp":"2016-12-23T03:42:32.429Z"}
{"level":"info","message":"client req /bower_components/gl-styles/gl-panel.html","timestamp":"2016-12-23T03:42:32.430Z"}
{"level":"info","message":"client req /bower_components/paper-menu/paper-submenu.html","timestamp":"2016-12-23T03:42:32.431Z"}
{"level":"info","message":"client req /bower_components/paper-input/paper-input.html","timestamp":"2016-12-23T03:42:32.454Z"}
{"level":"info","message":"client req /bower_components/paper-tabs/paper-tabs.html","timestamp":"2016-12-23T03:42:32.465Z"}
{"level":"info","message":"client req /bower_components/paper-input/paper-textarea.html","timestamp":"2016-12-23T03:42:32.485Z"}
{"level":"info","message":"client req /bower_components/paper-input/paper-input-container.html","timestamp":"2016-12-23T03:42:32.487Z"}
{"level":"info","message":"client req /bower_components/paper-dropdown-menu/paper-dropdown-menu.html","timestamp":"2016-12-23T03:42:32.489Z"}
{"level":"info","message":"client req /bower_components/paper-listbox/paper-listbox.html","timestamp":"2016-12-23T03:42:32.491Z"}
{"level":"info","message":"client req /bower_components/paper-card/paper-card.html","timestamp":"2016-12-23T03:42:32.500Z"}
{"level":"info","message":"client req /bower_components/paper-progress/paper-progress.html","timestamp":"2016-12-23T03:42:32.500Z"}
{"level":"info","message":"client req /bower_components/paper-scroll-header-panel/paper-scroll-header-panel.html","timestamp":"2016-12-23T03:42:32.535Z"}
{"level":"info","message":"client req /bower_components/paper-material/paper-material.html","timestamp":"2016-12-23T03:42:32.537Z"}
{"level":"info","message":"client req /bower_components/paper-checkbox/paper-checkbox.html","timestamp":"2016-12-23T03:42:32.543Z"}
{"level":"info","message":"client req /bower_components/paper-tooltip/paper-tooltip.html","timestamp":"2016-12-23T03:42:32.559Z"}
{"level":"info","message":"client req /bower_components/paper-item/paper-item-body.html","timestamp":"2016-12-23T03:42:32.567Z"}
{"level":"info","message":"client req /bower_components/vaadin-date-picker/vaadin-date-picker.html","timestamp":"2016-12-23T03:42:32.582Z"}
{"level":"info","message":"client req /bower_components/iron-flex-layout/iron-flex-layout-classes.html","timestamp":"2016-12-23T03:42:32.619Z"}
{"level":"info","message":"client req /bower_components/iron-icons/editor-icons.html","timestamp":"2016-12-23T03:42:32.630Z"}
{"level":"info","message":"client req /bower_components/iron-collapse/iron-collapse.html","timestamp":"2016-12-23T03:42:32.631Z"}
{"level":"info","message":"client req /bower_components/iron-form/iron-form.html","timestamp":"2016-12-23T03:42:32.632Z"}
{"level":"info","message":"client req /bower_components/byutv-jsonp/byutv-jsonp.html","timestamp":"2016-12-23T03:42:32.634Z"}
{"level":"info","message":"client req /bower_components/neon-animation/neon-animated-pages.html","timestamp":"2016-12-23T03:42:32.636Z"}
{"level":"info","message":"client req /bower_components/neon-animation/neon-animatable-behavior.html","timestamp":"2016-12-23T03:42:32.663Z"}
{"level":"info","message":"client req /bower_components/gl-grid/gl-grid-classes.html","timestamp":"2016-12-23T03:42:32.682Z"}
{"level":"info","message":"client req /bower_components/neon-animation/animations/fade-out-animation.html","timestamp":"2016-12-23T03:42:32.683Z"}
{"level":"info","message":"client req /bower_components/neon-animation/animations/fade-in-animation.html","timestamp":"2016-12-23T03:42:32.697Z"}
{"level":"info","message":"client req /bower_components/gl-grid/gl-grid-row.html","timestamp":"2016-12-23T03:42:32.701Z"}
{"level":"info","message":"client req /bower_components/gl-grid/gl-grid-col.html","timestamp":"2016-12-23T03:42:32.703Z"}
{"level":"info","message":"client req /bower_components/gl-form/gl-form-input.html","timestamp":"2016-12-23T03:42:32.736Z"}
{"level":"info","message":"client req /bower_components/gl-form/gl-form-textarea.html","timestamp":"2016-12-23T03:42:32.761Z"}
{"level":"info","message":"client req /bower_components/gl-form/gl-form-dropdown-menu.html","timestamp":"2016-12-23T03:42:32.762Z"}
{"level":"info","message":"client req /bower_components/gl-form/gl-form-label-input.html","timestamp":"2016-12-23T03:42:32.775Z"}
{"level":"info","message":"client req /bower_components/gl-form/gl-form-label-textarea.html","timestamp":"2016-12-23T03:42:32.780Z"}
{"level":"info","message":"client req /bower_components/gl-form/gl-form-panel.html","timestamp":"2016-12-23T03:42:32.786Z"}
{"level":"info","message":"client req /bower_components/gl-form/gl-combo-box.html","timestamp":"2016-12-23T03:42:32.828Z"}
{"level":"info","message":"client req /bower_components/gl-search-input/gl-search-input.html","timestamp":"2016-12-23T03:42:32.835Z"}
{"level":"info","message":"client req /bower_components/gl-form/gl-tabs.html","timestamp":"2016-12-23T03:42:32.854Z"}
{"level":"info","message":"client req /src/pages/components/panel-right/panel-right.html","timestamp":"2016-12-23T03:42:32.901Z"}
{"level":"info","message":"client req /bower_components/numeral/min/numeral.min.js","timestamp":"2016-12-23T03:42:32.904Z"}
{"level":"info","message":"client req /src/pages/page-quota/components/quota-list.html","timestamp":"2016-12-23T03:42:32.907Z"}
{"level":"info","message":"client req /bower_components/iron-menu-behavior/iron-menu-behavior.html","timestamp":"2016-12-23T03:42:32.936Z"}
{"level":"info","message":"client req /bower_components/paper-menu/paper-menu-shared-styles.html","timestamp":"2016-12-23T03:42:32.954Z"}
{"level":"info","message":"client req /bower_components/iron-form-element-behavior/iron-form-element-behavior.html","timestamp":"2016-12-23T03:42:32.955Z"}
{"level":"info","message":"client req /bower_components/paper-input/paper-input-char-counter.html","timestamp":"2016-12-23T03:42:32.965Z"}
{"level":"info","message":"client req /bower_components/iron-input/iron-input.html","timestamp":"2016-12-23T03:42:32.965Z"}
{"level":"info","message":"client req /bower_components/paper-input/paper-input-behavior.html","timestamp":"2016-12-23T03:42:32.967Z"}
{"level":"info","message":"client req /bower_components/paper-input/paper-input-error.html","timestamp":"2016-12-23T03:42:32.982Z"}
{"level":"info","message":"client req /bower_components/iron-menu-behavior/iron-menubar-behavior.html","timestamp":"2016-12-23T03:42:33.009Z"}
{"level":"info","message":"client req /bower_components/paper-tabs/paper-tabs-icons.html","timestamp":"2016-12-23T03:42:33.012Z"}
{"level":"info","message":"client req /bower_components/paper-tabs/paper-tab.html","timestamp":"2016-12-23T03:42:33.014Z"}
{"level":"info","message":"client req /bower_components/iron-autogrow-textarea/iron-autogrow-textarea.html","timestamp":"2016-12-23T03:42:33.015Z"}
{"level":"info","message":"client req /bower_components/iron-validatable-behavior/iron-validatable-behavior.html","timestamp":"2016-12-23T03:42:33.019Z"}
{"level":"info","message":"client req /bower_components/paper-menu-button/paper-menu-button.html","timestamp":"2016-12-23T03:42:33.036Z"}
{"level":"info","message":"client req /bower_components/paper-dropdown-menu/paper-dropdown-menu-icons.html","timestamp":"2016-12-23T03:42:33.051Z"}
{"level":"info","message":"client req /bower_components/paper-dropdown-menu/paper-dropdown-menu-shared-styles.html","timestamp":"2016-12-23T03:42:33.053Z"}
{"level":"info","message":"client req /bower_components/iron-range-behavior/iron-range-behavior.html","timestamp":"2016-12-23T03:42:33.068Z"}
{"level":"info","message":"client req /bower_components/paper-behaviors/paper-checked-element-behavior.html","timestamp":"2016-12-23T03:42:33.071Z"}
{"level":"info","message":"client req /bower_components/neon-animation/neon-animation-runner-behavior.html","timestamp":"2016-12-23T03:42:33.072Z"}
{"level":"info","message":"client req /bower_components/iron-dropdown/iron-dropdown.html","timestamp":"2016-12-23T03:42:33.080Z"}
{"level":"info","message":"client req /bower_components/vaadin-date-picker/vaadin-date-picker-overlay.html","timestamp":"2016-12-23T03:42:33.095Z"}
{"level":"info","message":"client req /bower_components/vaadin-date-picker/vaadin-date-picker-behavior.html","timestamp":"2016-12-23T03:42:33.104Z"}
{"level":"info","message":"client req /bower_components/gl-font/gl-cschatthai-font.html","timestamp":"2016-12-23T03:42:33.114Z"}
{"level":"info","message":"client req /bower_components/byutv-jsonp/scripts/byutv-behaviors-jsonp.js","timestamp":"2016-12-23T03:42:33.115Z"}
{"level":"info","message":"client req /bower_components/neon-animation/web-animations.html","timestamp":"2016-12-23T03:42:33.119Z"}
{"level":"info","message":"client req /bower_components/neon-animation/neon-animation-behavior.html","timestamp":"2016-12-23T03:42:33.119Z"}
{"level":"info","message":"client req /bower_components/element-resize-detector/dist/element-resize-detector.min.js","timestamp":"2016-12-23T03:42:33.135Z"}
{"level":"info","message":"client req /bower_components/numeral-js/numeral-js.html","timestamp":"2016-12-23T03:42:33.145Z"}
{"level":"info","message":"client req /bower_components/gl-form/gl-form-panel-head.html","timestamp":"2016-12-23T03:42:33.152Z"}
{"level":"info","message":"client req /bower_components/gl-form/gl-form-panel-body.html","timestamp":"2016-12-23T03:42:33.153Z"}
{"level":"info","message":"client req /bower_components/vaadin-combo-box/vaadin-combo-box-behavior.html","timestamp":"2016-12-23T03:42:33.171Z"}
{"level":"info","message":"client req /bower_components/gl-form/gl-form-panel-footer.html","timestamp":"2016-12-23T03:42:33.172Z"}
{"level":"info","message":"client req /bower_components/vaadin-combo-box/vaadin-combo-box-shared-styles.html","timestamp":"2016-12-23T03:42:33.178Z"}
{"level":"info","message":"client req /bower_components/vaadin-combo-box/vaadin-combo-box-icons.html","timestamp":"2016-12-23T03:42:33.183Z"}
{"level":"info","message":"client req /src/pages/components/format-number-behavior.html","timestamp":"2016-12-23T03:42:33.209Z"}
{"level":"info","message":"client req /bower_components/gl-form/gl-combo-box-overlay.html","timestamp":"2016-12-23T03:42:33.213Z"}
{"level":"info","message":"client req /src/pages/components/data-manage-behavior.html","timestamp":"2016-12-23T03:42:33.215Z"}
{"level":"info","message":"client req /src/pages/components/month-behavior.html","timestamp":"2016-12-23T03:42:33.217Z"}
{"level":"info","message":"client req /bower_components/paper-input/paper-input-addon-behavior.html","timestamp":"2016-12-23T03:42:33.229Z"}
{"level":"info","message":"client req /bower_components/paper-menu-button/paper-menu-button-animations.html","timestamp":"2016-12-23T03:42:33.231Z"}
{"level":"info","message":"client req /bower_components/neon-animation/animations/opaque-animation.html","timestamp":"2016-12-23T03:42:33.269Z"}
{"level":"info","message":"client req /bower_components/iron-checked-element-behavior/iron-checked-element-behavior.html","timestamp":"2016-12-23T03:42:33.274Z"}
{"level":"info","message":"client req /bower_components/vaadin-date-picker/vaadin-month-calendar.html","timestamp":"2016-12-23T03:42:33.279Z"}
{"level":"info","message":"client req /bower_components/iron-dropdown/iron-dropdown-scroll-manager.html","timestamp":"2016-12-23T03:42:33.279Z"}
{"level":"info","message":"client req /bower_components/vaadin-date-picker/vaadin-infinite-scroller.html","timestamp":"2016-12-23T03:42:33.279Z"}
{"level":"info","message":"client req /bower_components/web-animations-js/web-animations-next-lite.min.js","timestamp":"2016-12-23T03:42:33.280Z"}
{"level":"info","message":"client req /bower_components/numeral-js/numeral-import.html","timestamp":"2016-12-23T03:42:33.327Z"}
{"level":"info","message":"client req /bower_components/vaadin-combo-box/vaadin-dropdown-behavior.html","timestamp":"2016-12-23T03:42:33.329Z"}
{"level":"info","message":"client req /bower_components/iron-list/iron-list.html","timestamp":"2016-12-23T03:42:33.330Z"}
{"level":"info","message":"client req /bower_components/vaadin-combo-box/vaadin-overlay-behavior.html","timestamp":"2016-12-23T03:42:33.330Z"}
{"level":"info","message":"client req /bower_components/numeral/min/numeral.min.js","timestamp":"2016-12-23T03:42:33.386Z"}
{"level":"info","message":"client req /bower_components/iron-scroll-target-behavior/iron-scroll-target-behavior.html","timestamp":"2016-12-23T03:42:33.387Z"}
{"level":"info","message":"client req /bower_components/byutv-jsonp/scripts/byutv-jsonp.js","timestamp":"2016-12-23T03:42:33.508Z"}
{"level":"info","message":"client req /bower_components/gl-font/fonts/csChatThai/CSChatThaiUI.ttf","timestamp":"2016-12-23T03:42:33.719Z"}
{"level":"info","message":"client req /api/eu/quota/year","timestamp":"2016-12-23T03:42:33.728Z"}
{"level":"info","message":"client req /src/pages/page-quota/components/quota-manage.html","timestamp":"2016-12-23T03:42:33.729Z"}
{"level":"info","message":"client req /api/eu/type_rice/","timestamp":"2016-12-23T03:42:33.881Z"}
{"level":"info","message":"client req /fee","timestamp":"2016-12-23T03:42:34.611Z"}
